<?xml version="1.0" encoding="UTF-8"?>
<testsuite xmlns:xsi="http://www.w3.org/2001/XMLSchema-instance" xsi:noNamespaceSchemaLocation="https://maven.apache.org/surefire/maven-surefire-plugin/xsd/surefire-test-report-3.0.xsd" version="3.0" name="swag.RunCucumberTest" time="13.411" tests="3" errors="0" skipped="0" failures="2">
  <properties>
[...]
</properties>
  <testcase name="Login successful with valid credentials" classname="User Login" time="6.437">
    <system-out><![CDATA[
Scenario: Login successful with valid credentials &amp#27;[90m# src/test/resources/swag/login.feature:6&amp#27;[0m
  &amp#27;[32mGiven &amp#27;[0m&amp#27;[32mI am on the login page&amp#27;[0m                    &amp#27;[90m# swag.LoginStep.i_am_on_the_login_page()&amp#27;[0m
Entering username and password...
  &amp#27;[32mWhen &amp#27;[0m&amp#27;[32mI enter my username and password&amp#27;[0m           &amp#27;[90m# swag.LoginStep.i_enter_my_username_and_password()&amp#27;[0m
  &amp#27;[32mAnd &amp#27;[0m&amp#27;[32mI click the login button&amp#27;[0m                    &amp#27;[90m# swag.LoginStep.i_click_the_login_button()&amp#27;[0m
Verifying successful login...
  &amp#27;[32mThen &amp#27;[0m&amp#27;[32mI should be logged in successfully&amp#27;[0m         &amp#27;[90m# swag.LoginStep.i_should_be_logged_in_successfully()&amp#27;[0m
]]></system-out>
    <system-err><![CDATA[Starting ChromeDriver 124.0.6367.201 (46cf136d27d50afd9c618d164a3b95b3b62d0027-refs/branch-heads/6367@{#1130}) on port 30612
Only local connections are allowed.
Please see https://chromedriver.chromium.org/security-considerations for suggestions on keeping ChromeDriver safe.
ChromeDriver was started successfully.
May 12, 2024 7:42:38 PM org.openqa.selenium.remote.ProtocolHandshake createSession
INFO: Detected dialect: W3C
]]></system-err>
  </testcase>
  <testcase name="Login without providing a password" classname="User Login" time="3.219">
    <failure message="Expected error message not found. Found: Epic sadface: Password is required" type="java.lang.AssertionError"><![CDATA[java.lang.AssertionError: Expected error message not found. Found: Epic sadface: Password is required
	at org.junit.Assert.fail(Assert.java:88)
	at org.junit.Assert.assertTrue(Assert.java:41)
	at swag.LoginStep.i_should_see_a_message_saying(LoginStep.java:72)
	at ✽.I should see a message saying "You need Password!"(file:///D:/KULIAH/SEMESTER6/Testing/Week%2012%20-%2013/web-automation-testing/src/test/resources/swag/login.feature:16)
]]></failure>
    <system-out><![CDATA[
Scenario: Login without providing a password              &amp#27;[90m# src/test/resources/swag/login.feature:12&amp#27;[0m
  &amp#27;[32mGiven &amp#27;[0m&amp#27;[32mI am on the login page&amp#27;[0m                            &amp#27;[90m# swag.LoginStep.i_am_on_the_login_page()&amp#27;[0m
  &amp#27;[32mWhen &amp#27;[0m&amp#27;[32mI enter my username but no password&amp#27;[0m                &amp#27;[90m# swag.LoginStep.i_enter_my_username_but_no_password()&amp#27;[0m
  &amp#27;[32mAnd &amp#27;[0m&amp#27;[32mI click the login button&amp#27;[0m                            &amp#27;[90m# swag.LoginStep.i_click_the_login_button()&amp#27;[0m
  &amp#27;[31mThen &amp#27;[0m&amp#27;[31mI should see a message saying &amp#27;[0m&amp#27;[31m&amp#27;[1m"You need Password!"&amp#27;[0m &amp#27;[90m# swag.LoginStep.i_should_see_a_message_saying(java.lang.String)&amp#27;[0m
      &amp#27;[31mjava.lang.AssertionError: Expected error message not found. Found: Epic sadface: Password is required
	at org.junit.Assert.fail(Assert.java:88)
	at org.junit.Assert.assertTrue(Assert.java:41)
	at swag.LoginStep.i_should_see_a_message_saying(LoginStep.java:72)
	at âœ½.I should see a message saying "You need Password!"(file:///D:/KULIAH/SEMESTER6/Testing/Week%2012%20-%2013/web-automation-testing/src/test/resources/swag/login.feature:16)
&amp#27;[0m
]]></system-out>
    <system-err><![CDATA[Starting ChromeDriver 124.0.6367.201 (46cf136d27d50afd9c618d164a3b95b3b62d0027-refs/branch-heads/6367@{#1130}) on port 16937
Only local connections are allowed.
Please see https://chromedriver.chromium.org/security-considerations for suggestions on keeping ChromeDriver safe.
ChromeDriver was started successfully.
May 12, 2024 7:42:44 PM org.openqa.selenium.remote.ProtocolHandshake createSession
INFO: Detected dialect: W3C
]]></system-err>
  </testcase>
  <testcase name="Login without providing username and password" classname="User Login" time="3.091">
    <failure message="Expected error message not found. Found: Epic sadface: Username is required" type="java.lang.AssertionError"><![CDATA[java.lang.AssertionError: Expected error message not found. Found: Epic sadface: Username is required
	at org.junit.Assert.fail(Assert.java:88)
	at org.junit.Assert.assertTrue(Assert.java:41)
	at swag.LoginStep.i_should_see_a_message_saying(LoginStep.java:72)
	at ✽.I should see a message saying "You need Username & Password!"(file:///D:/KULIAH/SEMESTER6/Testing/Week%2012%20-%2013/web-automation-testing/src/test/resources/swag/login.feature:21)
]]></failure>
    <system-out><![CDATA[
Scenario: Login without providing username and password              &amp#27;[90m# src/test/resources/swag/login.feature:18&amp#27;[0m
  &amp#27;[32mGiven &amp#27;[0m&amp#27;[32mI am on the login page&amp#27;[0m                                       &amp#27;[90m# swag.LoginStep.i_am_on_the_login_page()&amp#27;[0m
  &amp#27;[32mWhen &amp#27;[0m&amp#27;[32mI click the login button without entering credentials&amp#27;[0m         &amp#27;[90m# swag.LoginStep.i_click_the_login_button_without_entering_credentials()&amp#27;[0m
  &amp#27;[31mThen &amp#27;[0m&amp#27;[31mI should see a message saying &amp#27;[0m&amp#27;[31m&amp#27;[1m"You need Username & Password!"&amp#27;[0m &amp#27;[90m# swag.LoginStep.i_should_see_a_message_saying(java.lang.String)&amp#27;[0m
      &amp#27;[31mjava.lang.AssertionError: Expected error message not found. Found: Epic sadface: Username is required
	at org.junit.Assert.fail(Assert.java:88)
	at org.junit.Assert.assertTrue(Assert.java:41)
	at swag.LoginStep.i_should_see_a_message_saying(LoginStep.java:72)
	at âœ½.I should see a message saying "You need Username & Password!"(file:///D:/KULIAH/SEMESTER6/Testing/Week%2012%20-%2013/web-automation-testing/src/test/resources/swag/login.feature:21)
&amp#27;[0m
]]></system-out>
    <system-err><![CDATA[Starting ChromeDriver 124.0.6367.201 (46cf136d27d50afd9c618d164a3b95b3b62d0027-refs/branch-heads/6367@{#1130}) on port 50189
Only local connections are allowed.
Please see https://chromedriver.chromium.org/security-considerations for suggestions on keeping ChromeDriver safe.
ChromeDriver was started successfully.
May 12, 2024 7:42:47 PM org.openqa.selenium.remote.ProtocolHandshake createSession
INFO: Detected dialect: W3C
]]></system-err>
  </testcase>
</testsuite>